<?xml version="1.0" encoding="UTF-8" ?>
<testsuite errors="0" failures="0" hostname="pompeu-System-Product-Name" name="testes.DAO.FornecedorDAOTeste" skipped="0" tests="2" time="1.786" timestamp="2014-11-29T14:30:07">
  <properties>
[...]
</properties>
  <testcase classname="testes.DAO.FornecedorDAOTeste" name="deveRetornarUmFornecdor" time="1.53" />
  <testcase classname="testes.DAO.FornecedorDAOTeste" name="deveRetornarTodosFornecedores" time="0.19" />
  <system-out><![CDATA[[EL Info]: 2014-11-29 12:30:09.262--ServerSession(12614541)--EclipseLink, version: Eclipse Persistence Services - 2.5.2.v20140319-9ad6abd
[EL Info]: connection: 2014-11-29 12:30:09.429--ServerSession(12614541)--file:/home/pompeu/NetBeansProjects/lojinhaJavaX/build/classes/_lojinha login successful
]]></system-out>
  <system-err><![CDATA[]]></system-err>
</testsuite>
